\BOOKMARK [0][-]{chapter*.2}{Lista de tabele}{}% 1
\BOOKMARK [0][-]{chapter*.3}{Lista de figuri}{}% 2
\BOOKMARK [0][-]{chapter.1}{Introducere}{}% 3
\BOOKMARK [1][-]{section.1.1}{Context}{chapter.1}% 4
\BOOKMARK [1][-]{section.1.2}{Motivatie}{chapter.1}% 5
\BOOKMARK [1][-]{section.1.3}{Structura lucrarii}{chapter.1}% 6
\BOOKMARK [0][-]{chapter.2}{Obiective si specificatii}{}% 7
\BOOKMARK [1][-]{section.2.1}{Obiective}{chapter.2}% 8
\BOOKMARK [1][-]{section.2.2}{Specificatii}{chapter.2}% 9
\BOOKMARK [2][-]{subsection.2.2.1}{Specificatii functionale}{section.2.2}% 10
\BOOKMARK [2][-]{subsection.2.2.2}{Specificatii non-functionale}{section.2.2}% 11
\BOOKMARK [0][-]{chapter.3}{Studiu bibliografic}{}% 12
\BOOKMARK [1][-]{section.3.1}{Abordari similare}{chapter.3}% 13
\BOOKMARK [1][-]{section.3.2}{Tehnici/Tehnologii/Surse folosite}{chapter.3}% 14
\BOOKMARK [0][-]{chapter.4}{Fundamente teoretice}{}% 15
\BOOKMARK [1][-]{section.4.1}{Reverse proxy}{chapter.4}% 16
\BOOKMARK [1][-]{section.4.2}{Support vector machine}{chapter.4}% 17
\BOOKMARK [1][-]{section.4.3}{SQL injection}{chapter.4}% 18
\BOOKMARK [1][-]{section.4.4}{Obtinerea adreselor retelei Tor}{chapter.4}% 19
\BOOKMARK [1][-]{section.4.5}{Sistem de prevenire a intruziunilor}{chapter.4}% 20
\BOOKMARK [0][-]{chapter.5}{Analysis and Design}{}% 21
\BOOKMARK [1][-]{section.5.1}{Examples: lists, figures, tables, equations}{chapter.5}% 22
\BOOKMARK [0][-]{chapter.6}{Implementation Details}{}% 23
\BOOKMARK [0][-]{chapter.7}{Tests and Results}{}% 24
\BOOKMARK [1][-]{section.7.1}{Functional Tests}{chapter.7}% 25
\BOOKMARK [1][-]{section.7.2}{Performance Tests}{chapter.7}% 26
\BOOKMARK [0][-]{chapter.8}{User Manual}{}% 27
\BOOKMARK [0][-]{chapter.9}{Conclusions}{}% 28
\BOOKMARK [0][-]{chapter*.4}{Bibliografie}{}% 29
\BOOKMARK [0][-]{chapter.1}{Diverse anexe}{}% 30
\BOOKMARK [0][-]{chapter.2}{Demonstratii matematice detaliate \(daca exista\)}{}% 31
\BOOKMARK [0][-]{chapter.3}{Pseudo-cod sau cod \(daca exista\)}{}% 32
\BOOKMARK [0][-]{chapter.4}{Articole publicate}{}% 33
