This is pdfTeX, Version 3.14159265-2.6-1.40.18 (TeX Live 2017/Debian) (preloaded format=pdflatex 2018.10.14)  6 FEB 2019 19:57
entering extended mode
 restricted \write18 enabled.
 %&-line parsing enabled.
**thesis.tex
(./thesis.tex
LaTeX2e <2017-04-15>
Babel <3.18> and hyphenation patterns for 84 language(s) loaded.
(/usr/share/texlive/texmf-dist/tex/latex/base/report.cls
Document Class: report 2014/09/29 v1.4h Standard LaTeX document class
(/usr/share/texlive/texmf-dist/tex/latex/base/size12.clo
File: size12.clo 2014/09/29 v1.4h Standard LaTeX file (size option)
)
\c@part=\count79
\c@chapter=\count80
\c@section=\count81
\c@subsection=\count82
\c@subsubsection=\count83
\c@paragraph=\count84
\c@subparagraph=\count85
\c@figure=\count86
\c@table=\count87
\abovecaptionskip=\skip41
\belowcaptionskip=\skip42
\bibindent=\dimen102
) (./cs.sty
(/usr/share/texlive/texmf-dist/tex/latex/psnfss/times.sty
Package: times 2005/04/12 PSNFSS-v9.2a (SPQR) 
)
(/usr/share/texlive/texmf-dist/tex/latex/graphics/graphicx.sty
Package: graphicx 2017/06/01 v1.1a Enhanced LaTeX Graphics (DPC,SPQR)

(/usr/share/texlive/texmf-dist/tex/latex/graphics/keyval.sty
Package: keyval 2014/10/28 v1.15 key=value parser (DPC)
\KV@toks@=\toks14
)
(/usr/share/texlive/texmf-dist/tex/latex/graphics/graphics.sty
Package: graphics 2017/06/25 v1.2c Standard LaTeX Graphics (DPC,SPQR)

(/usr/share/texlive/texmf-dist/tex/latex/graphics/trig.sty
Package: trig 2016/01/03 v1.10 sin cos tan (DPC)
)
(/usr/share/texlive/texmf-dist/tex/latex/graphics-cfg/graphics.cfg
File: graphics.cfg 2016/06/04 v1.11 sample graphics configuration
)
Package graphics Info: Driver file: pdftex.def on input line 99.

(/usr/share/texlive/texmf-dist/tex/latex/graphics-def/pdftex.def
File: pdftex.def 2018/01/08 v1.0l Graphics/color driver for pdftex
))
\Gin@req@height=\dimen103
\Gin@req@width=\dimen104
)
(/usr/share/texlive/texmf-dist/tex/latex/base/latexsym.sty
Package: latexsym 1998/08/17 v2.2e Standard LaTeX package (lasy symbols)
\symlasy=\mathgroup4
LaTeX Font Info:    Overwriting symbol font `lasy' in version `bold'
(Font)                  U/lasy/m/n --> U/lasy/b/n on input line 52.
)
(/usr/share/texlive/texmf-dist/tex/latex/amsmath/amsmath.sty
Package: amsmath 2017/09/02 v2.17a AMS math features
\@mathmargin=\skip43

For additional information on amsmath, use the `?' option.
(/usr/share/texlive/texmf-dist/tex/latex/amsmath/amstext.sty
Package: amstext 2000/06/29 v2.01 AMS text

(/usr/share/texlive/texmf-dist/tex/latex/amsmath/amsgen.sty
File: amsgen.sty 1999/11/30 v2.0 generic functions
\@emptytoks=\toks15
\ex@=\dimen105
))
(/usr/share/texlive/texmf-dist/tex/latex/amsmath/amsbsy.sty
Package: amsbsy 1999/11/29 v1.2d Bold Symbols
\pmbraise@=\dimen106
)
(/usr/share/texlive/texmf-dist/tex/latex/amsmath/amsopn.sty
Package: amsopn 2016/03/08 v2.02 operator names
)
\inf@bad=\count88
LaTeX Info: Redefining \frac on input line 213.
\uproot@=\count89
\leftroot@=\count90
LaTeX Info: Redefining \overline on input line 375.
\classnum@=\count91
\DOTSCASE@=\count92
LaTeX Info: Redefining \ldots on input line 472.
LaTeX Info: Redefining \dots on input line 475.
LaTeX Info: Redefining \cdots on input line 596.
\Mathstrutbox@=\box26
\strutbox@=\box27
\big@size=\dimen107
LaTeX Font Info:    Redeclaring font encoding OML on input line 712.
LaTeX Font Info:    Redeclaring font encoding OMS on input line 713.
\macc@depth=\count93
\c@MaxMatrixCols=\count94
\dotsspace@=\muskip10
\c@parentequation=\count95
\dspbrk@lvl=\count96
\tag@help=\toks16
\row@=\count97
\column@=\count98
\maxfields@=\count99
\andhelp@=\toks17
\eqnshift@=\dimen108
\alignsep@=\dimen109
\tagshift@=\dimen110
\tagwidth@=\dimen111
\totwidth@=\dimen112
\lineht@=\dimen113
\@envbody=\toks18
\multlinegap=\skip44
\multlinetaggap=\skip45
\mathdisplay@stack=\toks19
LaTeX Info: Redefining \[ on input line 2817.
LaTeX Info: Redefining \] on input line 2818.
)
(/usr/share/texlive/texmf-dist/tex/latex/amsfonts/amssymb.sty
Package: amssymb 2013/01/14 v3.01 AMS font symbols

(/usr/share/texlive/texmf-dist/tex/latex/amsfonts/amsfonts.sty
Package: amsfonts 2013/01/14 v3.01 Basic AMSFonts support
\symAMSa=\mathgroup5
\symAMSb=\mathgroup6
LaTeX Font Info:    Overwriting math alphabet `\mathfrak' in version `bold'
(Font)                  U/euf/m/n --> U/euf/b/n on input line 106.
))
(/usr/share/texlive/texmf-dist/tex/generic/xypic/xy.sty
(/usr/share/texlive/texmf-dist/tex/generic/xypic/xy.tex Bootstrap'ing:
catcodes, docmode, (/usr/share/texlive/texmf-dist/tex/generic/xypic/xyrecat.tex
) (/usr/share/texlive/texmf-dist/tex/generic/xypic/xyidioms.tex)

 Xy-pic version 3.8.9 <2013/10/06>
 Copyright (c) 1991-2013 by Kristoffer H. Rose <krisrose@tug.org> and others
 Xy-pic is free software: see the User's Guide for details.

Loading kernel: messages; fonts; allocations: state,
\X@c=\dimen114
\Y@c=\dimen115
\U@c=\dimen116
\D@c=\dimen117
\L@c=\dimen118
\R@c=\dimen119
\Edge@c=\toks20
\X@p=\dimen120
\Y@p=\dimen121
\U@p=\dimen122
\D@p=\dimen123
\L@p=\dimen124
\R@p=\dimen125
\Edge@p=\toks21
\X@origin=\dimen126
\Y@origin=\dimen127
\X@xbase=\dimen128
\Y@xbase=\dimen129
\X@ybase=\dimen130
\Y@ybase=\dimen131
\X@min=\dimen132
\Y@min=\dimen133
\X@max=\dimen134
\Y@max=\dimen135
\lastobjectbox@=\box28
\zerodotbox@=\box29
\almostz@=\dimen136
 direction,
\d@X=\dimen137
\d@Y=\dimen138
\K@=\count100
\KK@=\count101
\Direction=\count102
\K@dXdY=\dimen139
\K@dYdX=\dimen140
\xyread@=\read1
\xywrite@=\write3
\csp@=\count103
\quotPTK@=\dimen141

utility macros; pictures: \xy, positions,
\swaptoks@@=\toks22
\connectobjectbox@@=\box30
 objects,
\styletoks@=\toks23
 decorations;
kernel objects: directionals, circles, text; options; algorithms: directions,
edges, connections;  Xy-pic loaded)
(/usr/share/texlive/texmf-dist/tex/generic/oberdiek/ifpdf.sty
Package: ifpdf 2017/03/15 v3.2 Provides the ifpdf switch
)
Package: xy 2013/10/06 Xy-pic version 3.8.9

(/usr/share/texlive/texmf-dist/tex/generic/xypic/xymatrix.tex
 Xy-pic option: Matrix feature v.3.14
\Row=\count104
\Col=\count105
\queue@=\toks24
\queue@@=\toks25
\qcount@=\count106
\qcount@@=\count107
\matrixsize@=\count108
 loaded)
(/usr/share/texlive/texmf-dist/tex/generic/xypic/xyarrow.tex
 Xy-pic option: Arrow and Path feature v.3.9 path, \ar, loaded)
(/usr/share/texlive/texmf-dist/tex/generic/xypic/xypdf.tex
 Xy-pic option: PDF driver v.1.7 loaded))
(/usr/share/texlive/texmf-dist/tex/latex/ae/ae.sty
Package: ae 2001/02/12 1.3 Almost European Computer Modern

(/usr/share/texlive/texmf-dist/tex/latex/base/fontenc.sty
Package: fontenc 2017/04/05 v2.0i Standard LaTeX package

(/usr/share/texlive/texmf-dist/tex/latex/base/t1enc.def
File: t1enc.def 2017/04/05 v2.0i Standard LaTeX file
LaTeX Font Info:    Redeclaring font encoding T1 on input line 48.
)
LaTeX Font Info:    Try loading font information for T1+aer on input line 105.

(/usr/share/texlive/texmf-dist/tex/latex/ae/t1aer.fd
File: t1aer.fd 1997/11/16 Font definitions for T1/aer.
)))
(/usr/share/texlive/texmf-dist/tex/latex/ae/aecompl.sty
Package: aecompl 1998/07/23 0.9 T1 Complements for AE fonts (D. Roegel)
)
(/usr/share/texlive/texmf-dist/tex/latex/graphics/color.sty
Package: color 2016/07/10 v1.1e Standard LaTeX Color (DPC)

(/usr/share/texlive/texmf-dist/tex/latex/graphics-cfg/color.cfg
File: color.cfg 2016/01/02 v1.6 sample color configuration
)
Package color Info: Driver file: pdftex.def on input line 147.
)
(/usr/share/texlive/texmf-dist/tex/latex/listings/listings.sty
\lst@mode=\count109
\lst@gtempboxa=\box31
\lst@token=\toks26
\lst@length=\count110
\lst@currlwidth=\dimen142
\lst@column=\count111
\lst@pos=\count112
\lst@lostspace=\dimen143
\lst@width=\dimen144
\lst@newlines=\count113
\lst@lineno=\count114
\lst@maxwidth=\dimen145

(/usr/share/texlive/texmf-dist/tex/latex/listings/lstmisc.sty
File: lstmisc.sty 2015/06/04 1.6 (Carsten Heinz)
\c@lstnumber=\count115
\lst@skipnumbers=\count116
\lst@framebox=\box32
)
(/usr/share/texlive/texmf-dist/tex/latex/listings/listings.cfg
File: listings.cfg 2015/06/04 1.6 listings configuration
))
Package: listings 2015/06/04 1.6 (Carsten Heinz)

(/usr/share/texlive/texmf-dist/tex/latex/tools/tabularx.sty
Package: tabularx 2016/02/03 v2.11 `tabularx' package (DPC)

(/usr/share/texlive/texmf-dist/tex/latex/tools/array.sty
Package: array 2016/10/06 v2.4d Tabular extension package (FMi)
\col@sep=\dimen146
\extrarowheight=\dimen147
\NC@list=\toks27
\extratabsurround=\skip46
\backup@length=\skip47
)
\TX@col@width=\dimen148
\TX@old@table=\dimen149
\TX@old@col=\dimen150
\TX@target=\dimen151
\TX@delta=\dimen152
\TX@cols=\count117
\TX@ftn=\toks28
)
(/usr/share/texlive/texmf-dist/tex/latex/hyperref/hyperref.sty
Package: hyperref 2018/02/06 v6.86b Hypertext links for LaTeX

(/usr/share/texlive/texmf-dist/tex/generic/oberdiek/hobsub-hyperref.sty
Package: hobsub-hyperref 2016/05/16 v1.14 Bundle oberdiek, subset hyperref (HO)


(/usr/share/texlive/texmf-dist/tex/generic/oberdiek/hobsub-generic.sty
Package: hobsub-generic 2016/05/16 v1.14 Bundle oberdiek, subset generic (HO)
Package: hobsub 2016/05/16 v1.14 Construct package bundles (HO)
Package: infwarerr 2016/05/16 v1.4 Providing info/warning/error messages (HO)
Package: ltxcmds 2016/05/16 v1.23 LaTeX kernel commands for general use (HO)
Package: ifluatex 2016/05/16 v1.4 Provides the ifluatex switch (HO)
Package ifluatex Info: LuaTeX not detected.
Package: ifvtex 2016/05/16 v1.6 Detect VTeX and its facilities (HO)
Package ifvtex Info: VTeX not detected.
Package: intcalc 2016/05/16 v1.2 Expandable calculations with integers (HO)
Package hobsub Info: Skipping package `ifpdf' (already loaded).
Package: etexcmds 2016/05/16 v1.6 Avoid name clashes with e-TeX commands (HO)
Package etexcmds Info: Could not find \expanded.
(etexcmds)             That can mean that you are not using pdfTeX 1.50 or
(etexcmds)             that some package has redefined \expanded.
(etexcmds)             In the latter case, load this package earlier.
Package: kvsetkeys 2016/05/16 v1.17 Key value parser (HO)
Package: kvdefinekeys 2016/05/16 v1.4 Define keys (HO)
Package: pdftexcmds 2018/01/21 v0.26 Utility functions of pdfTeX for LuaTeX (HO
)
Package pdftexcmds Info: LuaTeX not detected.
Package pdftexcmds Info: \pdf@primitive is available.
Package pdftexcmds Info: \pdf@ifprimitive is available.
Package pdftexcmds Info: \pdfdraftmode found.
Package: pdfescape 2016/05/16 v1.14 Implements pdfTeX's escape features (HO)
Package: bigintcalc 2016/05/16 v1.4 Expandable calculations on big integers (HO
)
Package: bitset 2016/05/16 v1.2 Handle bit-vector datatype (HO)
Package: uniquecounter 2016/05/16 v1.3 Provide unlimited unique counter (HO)
)
Package hobsub Info: Skipping package `hobsub' (already loaded).
Package: letltxmacro 2016/05/16 v1.5 Let assignment for LaTeX macros (HO)
Package: hopatch 2016/05/16 v1.3 Wrapper for package hooks (HO)
Package: xcolor-patch 2016/05/16 xcolor patch
Package: atveryend 2016/05/16 v1.9 Hooks at the very end of document (HO)
Package atveryend Info: \enddocument detected (standard20110627).
Package: atbegshi 2016/06/09 v1.18 At begin shipout hook (HO)
Package: refcount 2016/05/16 v3.5 Data extraction from label references (HO)
Package: hycolor 2016/05/16 v1.8 Color options for hyperref/bookmark (HO)
)
(/usr/share/texlive/texmf-dist/tex/generic/ifxetex/ifxetex.sty
Package: ifxetex 2010/09/12 v0.6 Provides ifxetex conditional
)
(/usr/share/texlive/texmf-dist/tex/latex/oberdiek/auxhook.sty
Package: auxhook 2016/05/16 v1.4 Hooks for auxiliary files (HO)
)
(/usr/share/texlive/texmf-dist/tex/latex/oberdiek/kvoptions.sty
Package: kvoptions 2016/05/16 v3.12 Key value format for package options (HO)
)
\@linkdim=\dimen153
\Hy@linkcounter=\count118
\Hy@pagecounter=\count119

(/usr/share/texlive/texmf-dist/tex/latex/hyperref/pd1enc.def
File: pd1enc.def 2018/02/06 v6.86b Hyperref: PDFDocEncoding definition (HO)
)
\Hy@SavedSpaceFactor=\count120

(/usr/share/texlive/texmf-dist/tex/latex/latexconfig/hyperref.cfg
File: hyperref.cfg 2002/06/06 v1.2 hyperref configuration of TeXLive
)
Package hyperref Info: Hyper figures OFF on input line 4509.
Package hyperref Info: Link nesting OFF on input line 4514.
Package hyperref Info: Hyper index ON on input line 4517.
Package hyperref Info: Plain pages OFF on input line 4524.
Package hyperref Info: Backreferencing OFF on input line 4529.
Package hyperref Info: Implicit mode ON; LaTeX internals redefined.
Package hyperref Info: Bookmarks ON on input line 4762.
\c@Hy@tempcnt=\count121

(/usr/share/texlive/texmf-dist/tex/latex/url/url.sty
\Urlmuskip=\muskip11
Package: url 2013/09/16  ver 3.4  Verb mode for urls, etc.
)
LaTeX Info: Redefining \url on input line 5115.
\XeTeXLinkMargin=\dimen154
\Fld@menulength=\count122
\Field@Width=\dimen155
\Fld@charsize=\dimen156
Package hyperref Info: Hyper figures OFF on input line 6369.
Package hyperref Info: Link nesting OFF on input line 6374.
Package hyperref Info: Hyper index ON on input line 6377.
Package hyperref Info: backreferencing OFF on input line 6384.
Package hyperref Info: Link coloring OFF on input line 6389.
Package hyperref Info: Link coloring with OCG OFF on input line 6394.
Package hyperref Info: PDF/A mode OFF on input line 6399.
LaTeX Info: Redefining \ref on input line 6439.
LaTeX Info: Redefining \pageref on input line 6443.
\Hy@abspage=\count123
\c@Item=\count124
\c@Hfootnote=\count125
)
Package hyperref Info: Driver (autodetected): hpdftex.

(/usr/share/texlive/texmf-dist/tex/latex/hyperref/hpdftex.def
File: hpdftex.def 2018/02/06 v6.86b Hyperref driver for pdfTeX
\Fld@listcount=\count126
\c@bookmark@seq@number=\count127

(/usr/share/texlive/texmf-dist/tex/latex/oberdiek/rerunfilecheck.sty
Package: rerunfilecheck 2016/05/16 v1.8 Rerun checks for auxiliary files (HO)
Package uniquecounter Info: New unique counter `rerunfilecheck' on input line 2
82.
)
\Hy@SectionHShift=\skip48
)
(/usr/share/texlive/texmf-dist/tex/latex/base/ifthen.sty
Package: ifthen 2014/09/29 v1.1c Standard LaTeX ifthen package (DPC)
)
(/usr/share/texlive/texmf-dist/tex/latex/pgf/utilities/pgfpages.sty
Package: pgfpages 2011/01/05 ver 0.02

(/usr/share/texlive/texmf-dist/tex/latex/pgf/basiclayer/pgfcore.sty
(/usr/share/texlive/texmf-dist/tex/latex/pgf/systemlayer/pgfsys.sty
(/usr/share/texlive/texmf-dist/tex/latex/pgf/utilities/pgfrcs.sty
(/usr/share/texlive/texmf-dist/tex/generic/pgf/utilities/pgfutil-common.tex
\pgfutil@everybye=\toks29
\pgfutil@tempdima=\dimen157
\pgfutil@tempdimb=\dimen158

(/usr/share/texlive/texmf-dist/tex/generic/pgf/utilities/pgfutil-common-lists.t
ex)) (/usr/share/texlive/texmf-dist/tex/generic/pgf/utilities/pgfutil-latex.def
\pgfutil@abb=\box33
(/usr/share/texlive/texmf-dist/tex/latex/ms/everyshi.sty
Package: everyshi 2001/05/15 v3.00 EveryShipout Package (MS)
))
(/usr/share/texlive/texmf-dist/tex/generic/pgf/utilities/pgfrcs.code.tex
Package: pgfrcs 2015/08/07 v3.0.1a (rcs-revision 1.31)
))
(/usr/share/texlive/texmf-dist/tex/generic/pgf/systemlayer/pgfsys.code.tex
Package: pgfsys 2014/07/09 v3.0.1a (rcs-revision 1.48)

(/usr/share/texlive/texmf-dist/tex/generic/pgf/utilities/pgfkeys.code.tex
\pgfkeys@pathtoks=\toks30
\pgfkeys@temptoks=\toks31

(/usr/share/texlive/texmf-dist/tex/generic/pgf/utilities/pgfkeysfiltered.code.t
ex
\pgfkeys@tmptoks=\toks32
))
\pgf@x=\dimen159
\pgf@y=\dimen160
\pgf@xa=\dimen161
\pgf@ya=\dimen162
\pgf@xb=\dimen163
\pgf@yb=\dimen164
\pgf@xc=\dimen165
\pgf@yc=\dimen166
\w@pgf@writea=\write4
\r@pgf@reada=\read2
\c@pgf@counta=\count128
\c@pgf@countb=\count129
\c@pgf@countc=\count130
\c@pgf@countd=\count131
\t@pgf@toka=\toks33
\t@pgf@tokb=\toks34
\t@pgf@tokc=\toks35
 (/usr/share/texlive/texmf-dist/tex/generic/pgf/systemlayer/pgf.cfg
File: pgf.cfg 2008/05/14  (rcs-revision 1.7)
)
Driver file for pgf: pgfsys-pdftex.def

(/usr/share/texlive/texmf-dist/tex/generic/pgf/systemlayer/pgfsys-pdftex.def
File: pgfsys-pdftex.def 2014/10/11  (rcs-revision 1.35)

(/usr/share/texlive/texmf-dist/tex/generic/pgf/systemlayer/pgfsys-common-pdf.de
f
File: pgfsys-common-pdf.def 2013/10/10  (rcs-revision 1.13)
)))
(/usr/share/texlive/texmf-dist/tex/generic/pgf/systemlayer/pgfsyssoftpath.code.
tex
File: pgfsyssoftpath.code.tex 2013/09/09  (rcs-revision 1.9)
\pgfsyssoftpath@smallbuffer@items=\count132
\pgfsyssoftpath@bigbuffer@items=\count133
)
(/usr/share/texlive/texmf-dist/tex/generic/pgf/systemlayer/pgfsysprotocol.code.
tex
File: pgfsysprotocol.code.tex 2006/10/16  (rcs-revision 1.4)
)) (/usr/share/texlive/texmf-dist/tex/latex/xcolor/xcolor.sty
Package: xcolor 2016/05/11 v2.12 LaTeX color extensions (UK)

(/usr/share/texlive/texmf-dist/tex/latex/graphics-cfg/color.cfg
File: color.cfg 2016/01/02 v1.6 sample color configuration
)
Package xcolor Info: Driver file: pdftex.def on input line 225.
LaTeX Info: Redefining \color on input line 709.
Package xcolor Info: Model `cmy' substituted by `cmy0' on input line 1348.
Package xcolor Info: Model `hsb' substituted by `rgb' on input line 1352.
Package xcolor Info: Model `RGB' extended on input line 1364.
Package xcolor Info: Model `HTML' substituted by `rgb' on input line 1366.
Package xcolor Info: Model `Hsb' substituted by `hsb' on input line 1367.
Package xcolor Info: Model `tHsb' substituted by `hsb' on input line 1368.
Package xcolor Info: Model `HSB' substituted by `hsb' on input line 1369.
Package xcolor Info: Model `Gray' substituted by `gray' on input line 1370.
Package xcolor Info: Model `wave' substituted by `hsb' on input line 1371.
)
(/usr/share/texlive/texmf-dist/tex/generic/pgf/basiclayer/pgfcore.code.tex
Package: pgfcore 2010/04/11 v3.0.1a (rcs-revision 1.7)

(/usr/share/texlive/texmf-dist/tex/generic/pgf/math/pgfmath.code.tex
(/usr/share/texlive/texmf-dist/tex/generic/pgf/math/pgfmathcalc.code.tex
(/usr/share/texlive/texmf-dist/tex/generic/pgf/math/pgfmathutil.code.tex)
(/usr/share/texlive/texmf-dist/tex/generic/pgf/math/pgfmathparser.code.tex
\pgfmath@dimen=\dimen167
\pgfmath@count=\count134
\pgfmath@box=\box34
\pgfmath@toks=\toks36
\pgfmath@stack@operand=\toks37
\pgfmath@stack@operation=\toks38
)
(/usr/share/texlive/texmf-dist/tex/generic/pgf/math/pgfmathfunctions.code.tex
(/usr/share/texlive/texmf-dist/tex/generic/pgf/math/pgfmathfunctions.basic.code
.tex)
(/usr/share/texlive/texmf-dist/tex/generic/pgf/math/pgfmathfunctions.trigonomet
ric.code.tex)
(/usr/share/texlive/texmf-dist/tex/generic/pgf/math/pgfmathfunctions.random.cod
e.tex)
(/usr/share/texlive/texmf-dist/tex/generic/pgf/math/pgfmathfunctions.comparison
.code.tex)
(/usr/share/texlive/texmf-dist/tex/generic/pgf/math/pgfmathfunctions.base.code.
tex)
(/usr/share/texlive/texmf-dist/tex/generic/pgf/math/pgfmathfunctions.round.code
.tex)
(/usr/share/texlive/texmf-dist/tex/generic/pgf/math/pgfmathfunctions.misc.code.
tex)
(/usr/share/texlive/texmf-dist/tex/generic/pgf/math/pgfmathfunctions.integerari
thmetics.code.tex)))
(/usr/share/texlive/texmf-dist/tex/generic/pgf/math/pgfmathfloat.code.tex
\c@pgfmathroundto@lastzeros=\count135
))
(/usr/share/texlive/texmf-dist/tex/generic/pgf/basiclayer/pgfcorepoints.code.te
x
File: pgfcorepoints.code.tex 2013/10/07  (rcs-revision 1.27)
\pgf@picminx=\dimen168
\pgf@picmaxx=\dimen169
\pgf@picminy=\dimen170
\pgf@picmaxy=\dimen171
\pgf@pathminx=\dimen172
\pgf@pathmaxx=\dimen173
\pgf@pathminy=\dimen174
\pgf@pathmaxy=\dimen175
\pgf@xx=\dimen176
\pgf@xy=\dimen177
\pgf@yx=\dimen178
\pgf@yy=\dimen179
\pgf@zx=\dimen180
\pgf@zy=\dimen181
)
(/usr/share/texlive/texmf-dist/tex/generic/pgf/basiclayer/pgfcorepathconstruct.
code.tex
File: pgfcorepathconstruct.code.tex 2013/10/07  (rcs-revision 1.29)
\pgf@path@lastx=\dimen182
\pgf@path@lasty=\dimen183
)
(/usr/share/texlive/texmf-dist/tex/generic/pgf/basiclayer/pgfcorepathusage.code
.tex
File: pgfcorepathusage.code.tex 2014/11/02  (rcs-revision 1.24)
\pgf@shorten@end@additional=\dimen184
\pgf@shorten@start@additional=\dimen185
)
(/usr/share/texlive/texmf-dist/tex/generic/pgf/basiclayer/pgfcorescopes.code.te
x
File: pgfcorescopes.code.tex 2015/05/08  (rcs-revision 1.46)
\pgfpic=\box35
\pgf@hbox=\box36
\pgf@layerbox@main=\box37
\pgf@picture@serial@count=\count136
)
(/usr/share/texlive/texmf-dist/tex/generic/pgf/basiclayer/pgfcoregraphicstate.c
ode.tex
File: pgfcoregraphicstate.code.tex 2014/11/02  (rcs-revision 1.12)
\pgflinewidth=\dimen186
)
(/usr/share/texlive/texmf-dist/tex/generic/pgf/basiclayer/pgfcoretransformation
s.code.tex
File: pgfcoretransformations.code.tex 2015/08/07  (rcs-revision 1.20)
\pgf@pt@x=\dimen187
\pgf@pt@y=\dimen188
\pgf@pt@temp=\dimen189
)
(/usr/share/texlive/texmf-dist/tex/generic/pgf/basiclayer/pgfcorequick.code.tex
File: pgfcorequick.code.tex 2008/10/09  (rcs-revision 1.3)
)
(/usr/share/texlive/texmf-dist/tex/generic/pgf/basiclayer/pgfcoreobjects.code.t
ex
File: pgfcoreobjects.code.tex 2006/10/11  (rcs-revision 1.2)
)
(/usr/share/texlive/texmf-dist/tex/generic/pgf/basiclayer/pgfcorepathprocessing
.code.tex
File: pgfcorepathprocessing.code.tex 2013/09/09  (rcs-revision 1.9)
)
(/usr/share/texlive/texmf-dist/tex/generic/pgf/basiclayer/pgfcorearrows.code.te
x
File: pgfcorearrows.code.tex 2015/05/14  (rcs-revision 1.43)
\pgfarrowsep=\dimen190
)
(/usr/share/texlive/texmf-dist/tex/generic/pgf/basiclayer/pgfcoreshade.code.tex
File: pgfcoreshade.code.tex 2013/07/15  (rcs-revision 1.15)
\pgf@max=\dimen191
\pgf@sys@shading@range@num=\count137
)
(/usr/share/texlive/texmf-dist/tex/generic/pgf/basiclayer/pgfcoreimage.code.tex
File: pgfcoreimage.code.tex 2013/07/15  (rcs-revision 1.18)

(/usr/share/texlive/texmf-dist/tex/generic/pgf/basiclayer/pgfcoreexternal.code.
tex
File: pgfcoreexternal.code.tex 2014/07/09  (rcs-revision 1.21)
\pgfexternal@startupbox=\box38
))
(/usr/share/texlive/texmf-dist/tex/generic/pgf/basiclayer/pgfcorelayers.code.te
x
File: pgfcorelayers.code.tex 2013/07/18  (rcs-revision 1.7)
)
(/usr/share/texlive/texmf-dist/tex/generic/pgf/basiclayer/pgfcoretransparency.c
ode.tex
File: pgfcoretransparency.code.tex 2013/09/30  (rcs-revision 1.5)
)
(/usr/share/texlive/texmf-dist/tex/generic/pgf/basiclayer/pgfcorepatterns.code.
tex
File: pgfcorepatterns.code.tex 2013/11/07  (rcs-revision 1.5)
))) (/usr/share/texlive/texmf-dist/tex/latex/tools/calc.sty
Package: calc 2014/10/28 v4.3 Infix arithmetic (KKT,FJ)
\calc@Acount=\count138
\calc@Bcount=\count139
\calc@Adimen=\dimen192
\calc@Bdimen=\dimen193
\calc@Askip=\skip49
\calc@Bskip=\skip50
LaTeX Info: Redefining \setlength on input line 80.
LaTeX Info: Redefining \addtolength on input line 81.
\calc@Ccount=\count140
\calc@Cskip=\skip51
)
\pgf@logicalpages=\count141
\pgf@firstshipout=\count142
\pgf@lastshipout=\count143
\pgf@currentshipout=\count144
\pgf@cpn=\count145
\pgf@shipoutnextto=\count146
\pgfphysicalheight=\dimen194
\pgfphysicalwidth=\dimen195
\pgfpages@shipoutbox=\box39
)
(/usr/share/texlive/texmf-dist/tex/latex/fancyhdr/fancyhdr.sty
Package: fancyhdr 2017/06/30 v3.9a Extensive control of page headers and footer
s
\f@nch@headwidth=\skip52
\f@nch@O@elh=\skip53
\f@nch@O@erh=\skip54
\f@nch@O@olh=\skip55
\f@nch@O@orh=\skip56
\f@nch@O@elf=\skip57
\f@nch@O@erf=\skip58
\f@nch@O@olf=\skip59
\f@nch@O@orf=\skip60
)
(/usr/share/texlive/texmf-dist/tex/latex/lastpage/lastpage.sty
Package: lastpage 2015/03/29 v1.2m Refers to last page's name (HMM; JPG)
)
(/usr/share/texlive/texmf-dist/tex/latex/emptypage/emptypage.sty
Package: emptypage 2010/05/30 v1.2 Suppress page numbers and headings on empty 
pages
)
(/usr/share/texlive/texmf-dist/tex/latex/paralist/paralist.sty
Package: paralist 2017/01/22 v2.7 Extended list environments
\pltopsep=\skip61
\plpartopsep=\skip62
\plitemsep=\skip63
\plparsep=\skip64
\pl@lab=\toks39
)
(/usr/share/texlive/texmf-dist/tex/latex/algorithm2e/algorithm2e.sty
Package: algorithm2e 2017/07/18 v5.2 algorithms environments
\c@AlgoLine=\count147
\algocf@hangindent=\skip65

(/usr/share/texlive/texmf-dist/tex/latex/ifoddpage/ifoddpage.sty
Package: ifoddpage 2016/04/23 v1.1 Conditionals for odd/even page detection
\c@checkoddpage=\count148
)
(/usr/share/texlive/texmf-dist/tex/latex/tools/xspace.sty
Package: xspace 2014/10/28 v1.13 Space after command names (DPC,MH)
)
(/usr/share/texlive/texmf-dist/tex/latex/relsize/relsize.sty
Package: relsize 2013/03/29 ver 4.1
)
\skiptotal=\skip66
\skiplinenumber=\skip67
\skiprule=\skip68
\skiphlne=\skip69
\skiptext=\skip70
\skiplength=\skip71
\algomargin=\skip72
\skipalgocfslide=\skip73
\algowidth=\dimen196
\inoutsize=\dimen197
\inoutindent=\dimen198
\interspacetitleruled=\dimen199
\interspacealgoruled=\dimen256
\interspacetitleboxruled=\dimen257
\algocf@ruledwidth=\skip74
\algocf@inoutbox=\box40
\algocf@inputbox=\box41
\AlCapSkip=\skip75
\AlCapHSkip=\skip76
\algoskipindent=\skip77
\algocf@nlbox=\box42
\algocf@hangingbox=\box43
\algocf@untilbox=\box44
\algocf@skipuntil=\skip78
\algocf@capbox=\box45
\algocf@lcaptionbox=\skip79
\algoheightruledefault=\skip80
\algoheightrule=\skip81
\algotitleheightruledefault=\skip82
\algotitleheightrule=\skip83
\c@algocfline=\count149
\c@algocfproc=\count150
\c@algocf=\count151
\algocf@algoframe=\box46
\algocf@algobox=\box47
)
(/usr/share/texlive/texmf-dist/tex/latex/ucs/ucs.sty
Package: ucs 2013/05/11 v2.2 UCS: Unicode input support

(/usr/share/texlive/texmf-dist/tex/latex/ucs/data/uni-global.def
File: uni-global.def 2013/05/13 UCS: Unicode global data
)
\uc@secondtry=\count152
\uc@combtoks=\toks40
\uc@combtoksb=\toks41
\uc@temptokena=\toks42
)
(/usr/share/texlive/texmf-dist/tex/latex/base/inputenc.sty
Package: inputenc 2015/03/17 v1.2c Input encoding file
\inpenc@prehook=\toks43
\inpenc@posthook=\toks44

(/usr/share/texlive/texmf-dist/tex/latex/ucs/utf8x.def
File: utf8x.def 2004/10/17 UCS: Input encoding UTF-8
))
(/usr/share/texlive/texmf-dist/tex/latex/base/fontenc.sty
Package: fontenc 2017/04/05 v2.0i Standard LaTeX package

(/usr/share/texlive/texmf-dist/tex/latex/base/t1enc.def
File: t1enc.def 2017/04/05 v2.0i Standard LaTeX file
LaTeX Font Info:    Redeclaring font encoding T1 on input line 48.
))
(/usr/share/texlive/texmf-dist/tex/latex/listings/lstlang1.sty
File: lstlang1.sty 2015/06/04 1.6 listings language file
)
(/usr/share/texlive/texmf-dist/tex/latex/listings/lstmisc.sty
File: lstmisc.sty 2015/06/04 1.6 (Carsten Heinz)
)
\hour=\count153
\minute=\count154
\dow=\count155
\leap=\count156
\x=\count157
\y=\count158
)
(/usr/share/texlive/texmf-dist/tex/generic/babel/babel.sty
Package: babel 2018/02/14 3.18 The Babel package

(/usr/share/texlive/texmf-dist/tex/generic/babel/switch.def
File: switch.def 2018/02/14 3.18 Babel switching mechanism
)
(/usr/share/texlive/texmf-dist/tex/generic/babel-romanian/romanian.ldf
Language: romanian 2005/03/31 v1.2l Romanian support from the babel system

(/usr/share/texlive/texmf-dist/tex/generic/babel/babel.def
File: babel.def 2018/02/14 3.18 Babel common definitions
\babel@savecnt=\count159
\U@D=\dimen258

(/usr/share/texlive/texmf-dist/tex/generic/babel/txtbabel.def)
\bbl@dirlevel=\count160
))) (./thesis.aux (./ch1.aux) (./ch2.aux) (./ch3.aux) (./ch4.aux

LaTeX Warning: Label `fig:rev-proxy' multiply defined.

) (./ch5.aux) (./ch6.aux) (./ch7.aux) (./ch8.aux

LaTeX Warning: Label `fig:ui_home' multiply defined.


LaTeX Warning: Label `fig:ui_configure' multiply defined.


LaTeX Warning: Label `fig:ui_monitor' multiply defined.

) (./ch9.aux) (./apendix.aux))
\openout1 = `thesis.aux'.

LaTeX Font Info:    Checking defaults for OML/cmm/m/it on input line 46.
LaTeX Font Info:    ... okay on input line 46.
LaTeX Font Info:    Checking defaults for T1/cmr/m/n on input line 46.
LaTeX Font Info:    ... okay on input line 46.
LaTeX Font Info:    Checking defaults for OT1/cmr/m/n on input line 46.
LaTeX Font Info:    ... okay on input line 46.
LaTeX Font Info:    Checking defaults for OMS/cmsy/m/n on input line 46.
LaTeX Font Info:    ... okay on input line 46.
LaTeX Font Info:    Checking defaults for OMX/cmex/m/n on input line 46.
LaTeX Font Info:    ... okay on input line 46.
LaTeX Font Info:    Checking defaults for U/cmr/m/n on input line 46.
LaTeX Font Info:    ... okay on input line 46.
LaTeX Font Info:    Checking defaults for PD1/pdf/m/n on input line 46.
LaTeX Font Info:    ... okay on input line 46.

(/usr/share/texlive/texmf-dist/tex/context/base/mkii/supp-pdf.mkii
[Loading MPS to PDF converter (version 2006.09.02).]
\scratchcounter=\count161
\scratchdimen=\dimen259
\scratchbox=\box48
\nofMPsegments=\count162
\nofMParguments=\count163
\everyMPshowfont=\toks45
\MPscratchCnt=\count164
\MPscratchDim=\dimen260
\MPnumerator=\count165
\makeMPintoPDFobject=\count166
\everyMPtoPDFconversion=\toks46
) (/usr/share/texlive/texmf-dist/tex/latex/oberdiek/epstopdf-base.sty
Package: epstopdf-base 2016/05/15 v2.6 Base part for package epstopdf

(/usr/share/texlive/texmf-dist/tex/latex/oberdiek/grfext.sty
Package: grfext 2016/05/16 v1.2 Manage graphics extensions (HO)
)
Package epstopdf-base Info: Redefining graphics rule for `.eps' on input line 4
38.
Package grfext Info: Graphics extension search list:
(grfext)             [.pdf,.jpeg,.png,.eps]
(grfext)             \AppendGraphicsExtensions on input line 456.

(/usr/share/texlive/texmf-dist/tex/latex/latexconfig/epstopdf-sys.cfg
File: epstopdf-sys.cfg 2010/07/13 v1.3 Configuration of (r)epstopdf for TeX Liv
e
))
LaTeX Font Info:    Try loading font information for U+lasy on input line 46.

(/usr/share/texlive/texmf-dist/tex/latex/base/ulasy.fd
File: ulasy.fd 1998/08/17 v2.2e LaTeX symbol font definitions
)
LaTeX Font Info:    Try loading font information for U+msa on input line 46.

(/usr/share/texlive/texmf-dist/tex/latex/amsfonts/umsa.fd
File: umsa.fd 2013/01/14 v3.01 AMS symbols A
)
LaTeX Font Info:    Try loading font information for U+msb on input line 46.

(/usr/share/texlive/texmf-dist/tex/latex/amsfonts/umsb.fd
File: umsb.fd 2013/01/14 v3.01 AMS symbols B
)
Package xypdf Info: Line width: 0.47998pt on input line 46.
\c@lstlisting=\count167
\AtBeginShipoutBox=\box49
Package hyperref Info: Link coloring OFF on input line 46.

(/usr/share/texlive/texmf-dist/tex/latex/hyperref/nameref.sty
Package: nameref 2016/05/21 v2.44 Cross-referencing by name of section

(/usr/share/texlive/texmf-dist/tex/generic/oberdiek/gettitlestring.sty
Package: gettitlestring 2016/05/16 v1.5 Cleanup title references (HO)
)
\c@section@level=\count168
)
LaTeX Info: Redefining \ref on input line 46.
LaTeX Info: Redefining \pageref on input line 46.
LaTeX Info: Redefining \nameref on input line 46.

(./thesis.out) (./thesis.out)
\@outlinefile=\write5
\openout5 = `thesis.out'.

 ABD: EveryShipout initializing macros
Package lastpage Info: Please have a look at the pageslts package at
(lastpage)             https://www.ctan.org/pkg/pageslts
(lastpage)             ! on input line 46.

(/usr/share/texlive/texmf-dist/tex/latex/ucs/ucsencs.def
File: ucsencs.def 2011/01/21 Fixes to fontencodings LGR, T3
)
(/usr/share/texlive/texmf-dist/tex/latex/ucs/data/uni-1.def
File: uni-1.def 2013/05/13 UCS: Unicode data U+0100..U+01FF
)
(/usr/share/texlive/texmf-dist/tex/latex/ucs/data/uni-2.def
File: uni-2.def 2013/05/13 UCS: Unicode data U+0200..U+02FF
)
<figures/header-utcn-engleza.png, id=208, 691.58376pt x 98.3675pt>
File: figures/header-utcn-engleza.png Graphic file (type png)
<use figures/header-utcn-engleza.png>
Package pdftex.def Info: figures/header-utcn-engleza.png  used on input line 96
.
(pdftex.def)             Requested size: 459.0pt x 65.28746pt.


Package Fancyhdr Warning: \headheight is too small (55.0pt): 
 Make it at least 69.6375pt.
 We now make it that large for the rest of the document.
 This may cause the page layout to be inconsistent, however.

[1

{/var/lib/texmf/fonts/map/pdftex/updmap/pdftex.map} <./figures/header-utcn-engl
eza.png (PNG copy)>]pdfTeX warning (ext4): destination with the same identifier
 (name{page.1}) has been already used, duplicate ignored
<to be read again> 
                   \relax 
l.100 \end{titlepage}
                      [1]
File: figures/header-utcn-engleza.png Graphic file (type png)
<use figures/header-utcn-engleza.png>
Package pdftex.def Info: figures/header-utcn-engleza.png  used on input line 18
7.
(pdftex.def)             Requested size: 459.0pt x 65.28746pt.


Package Fancyhdr Warning: \headheight is too small (55.0pt): 
 Make it at least 69.6375pt.
 We now make it that large for the rest of the document.
 This may cause the page layout to be inconsistent, however.

<figures/footer-utcn-engleza.png, id=220, 2071.74pt x 127.47626pt>
File: figures/footer-utcn-engleza.png Graphic file (type png)
<use figures/footer-utcn-engleza.png>
Package pdftex.def Info: figures/footer-utcn-engleza.png  used on input line 18
7.
(pdftex.def)             Requested size: 459.0pt x 28.24132pt.
pdfTeX warning (ext4): destination with the same identifier (name{page.1}) has 
been already used, duplicate ignored
<to be read again> 
                   \relax 
l.187 \end{titlepage}
                      [1 <./figures/footer-utcn-engleza.png (PNG copy)>]pdfTeX 
warning (ext4): destination with the same identifier (name{page.1}) has been al
ready used, duplicate ignored
<to be read again> 
                   \relax 
l.192 \end{titlepage}
                      [1]
(/usr/share/texlive/texmf-dist/tex/latex/ucs/data/uni-0.def
File: uni-0.def 2013/05/13 UCS: Unicode data U+0000..U+00FF
)
File: figures/header-utcn-engleza.png Graphic file (type png)
<use figures/header-utcn-engleza.png>
Package pdftex.def Info: figures/header-utcn-engleza.png  used on input line 24
6.
(pdftex.def)             Requested size: 459.0pt x 65.28746pt.


Package Fancyhdr Warning: \headheight is too small (55.0pt): 
 Make it at least 69.6375pt.
 We now make it that large for the rest of the document.
 This may cause the page layout to be inconsistent, however.

File: figures/footer-utcn-engleza.png Graphic file (type png)
<use figures/footer-utcn-engleza.png>
Package pdftex.def Info: figures/footer-utcn-engleza.png  used on input line 24
6.
(pdftex.def)             Requested size: 459.0pt x 28.24132pt.
pdfTeX warning (ext4): destination with the same identifier (name{page.1}) has 
been already used, duplicate ignored
<to be read again> 
                   \relax 
l.246 \end{titlepage}
                      [1]pdfTeX warning (ext4): destination with the same ident
ifier (name{page.1}) has been already used, duplicate ignored
<to be read again> 
                   \relax 
l.251 \end{titlepage}
                      [1]pdfTeX warning (ext4): destination with the same ident
ifier (name{page.1}) has been already used, duplicate ignored
<to be read again> 
                   \relax 
l.259 \end{abstract}
                     [1]pdfTeX warning (ext4): destination with the same identi
fier (name{page.1}) has been already used, duplicate ignored
<to be read again> 
                   \relax 
l.263 \end{titlepage}
                      [1] (./thesis.toc [1

])
\tf@toc=\write6
\openout6 = `thesis.toc'.

 [2]

Package hyperref Warning: Glyph not defined in PD1 encoding,
(hyperref)                removing `\u' on input line 278.

(./thesis.lof [3


])
\tf@lof=\write7
\openout7 = `thesis.lof'.

 [4]pdfTeX warning (ext4): destination with the same identifier (name{page.i}) 
has been already used, duplicate ignored
<to be read again> 
                   \relax 
l.282 \end{titlepage}
                      [1]
\openout2 = `ch1.aux'.

 (./ch1.tex
Capitolul 1.
<figures/reverse-proxy-02-1.jpg, id=383, 813.0375pt x 288.07625pt>
File: figures/reverse-proxy-02-1.jpg Graphic file (type jpg)
<use figures/reverse-proxy-02-1.jpg>
Package pdftex.def Info: figures/reverse-proxy-02-1.jpg  used on input line 15.

(pdftex.def)             Requested size: 229.5pt x 81.31575pt.

Underfull \hbox (badness 10000) in paragraph at lines 20--21

 []

pdfTeX warning (ext4): destination with the same identifier (name{page.1}) has 
been already used, duplicate ignored
<to be read again> 
                   \relax 
l.26 
      [1


 <./figures/reverse-proxy-02-1.jpg>]

Package hyperref Warning: Glyph not defined in PD1 encoding,
(hyperref)                removing `\textcommabelow' on input line 30.


Overfull \hbox (0.76833pt too wide) in paragraph at lines 33--34
[]\T1/aer/m/n/12 Prin ofe-ri-rea uti-li-za-to-ri-lor po-si-bi-li-ta-tea de a în
[]elege []i mo-di-fica mo-dul de func[]ionare
 []

[2]

Package hyperref Warning: Glyph not defined in PD1 encoding,
(hyperref)                removing `\u' on input line 40.


Overfull \hbox (4.67589pt too wide) in paragraph at lines 51--52
[]\T1/aer/m/n/12 Capitolul []5[] des-crie design-ul pro-iec-tu-lui []i cu-prind
e: cerin[]ele sis-te-mu-lui, specifica[]iile
 []


Overfull \hbox (18.78369pt too wide) in paragraph at lines 54--55
\T1/aer/m/n/12 ca-pi-tol sunt abor-date: or-ga-ni-za-rea co-du-lui surs , des-c
ri-e-rea prin-ci-pa-le-lor clase []i func[]ionalit []i
 []

) [3]
\openout2 = `ch2.aux'.

 (./ch2.tex [4



]
Capitolul 2.

Package hyperref Warning: Glyph not defined in PD1 encoding,
(hyperref)                removing `\textcommabelow' on input line 3.


Package hyperref Warning: Glyph not defined in PD1 encoding,
(hyperref)                removing `\textcommabelow' on input line 3.

[5]

Package hyperref Warning: Glyph not defined in PD1 encoding,
(hyperref)                removing `\textcommabelow' on input line 33.

[6]
<figures/fff.png, id=425, 514.92375pt x 259.97125pt>
File: figures/fff.png Graphic file (type png)
<use figures/fff.png>
Package pdftex.def Info: figures/fff.png  used on input line 48.
(pdftex.def)             Requested size: 275.4028pt x 139.04555pt.

Underfull \hbox (badness 10000) in paragraph at lines 53--54

 []


Package hyperref Warning: Glyph not defined in PD1 encoding,
(hyperref)                removing `\textcommabelow' on input line 56.


Package hyperref Warning: Glyph not defined in PD1 encoding,
(hyperref)                removing `\textcommabelow' on input line 56.

LaTeX Font Info:    Try loading font information for OMS+aer on input line 60.
(/usr/share/texlive/texmf-dist/tex/latex/ae/omsaer.fd
File: omsaer.fd 1999/12/27
)
LaTeX Font Info:    Font shape `OMS/aer/m/n' in size <12> not available
(Font)              Font shape `OMS/cmsy/m/n' tried instead on input line 60.
 [7 <./figures/fff.png>]

Package hyperref Warning: Glyph not defined in PD1 encoding,
(hyperref)                removing `\textcommabelow' on input line 72.


Package hyperref Warning: Glyph not defined in PD1 encoding,
(hyperref)                removing `\textcommabelow' on input line 72.

) [8]
\openout2 = `ch3.aux'.

 (./ch3.tex
Capitolul 3.

Package hyperref Warning: Glyph not defined in PD1 encoding,
(hyperref)                removing `\u' on input line 14.


Overfull \hbox (11.66165pt too wide) in paragraph at lines 32--33
\T1/aer/m/n/12 de in-put c -tre o aplica[]ia []int . Acest in-put fi-ind ge-ne-
rat de c -tre un ata-ca-tor ce inten[]ioneaz 
 []

[9



]
<figures/ips.png, id=451, 575.14874pt x 316.18124pt>
File: figures/ips.png Graphic file (type png)
<use figures/ips.png>
Package pdftex.def Info: figures/ips.png  used on input line 47.
(pdftex.def)             Requested size: 275.4028pt x 151.40343pt.

Underfull \hbox (badness 10000) in paragraph at lines 52--53

 []

[10 <./figures/ips.png>] [11] [12]
<figures/sqli.png, id=476, 364.36125pt x 123.46124pt>
File: figures/sqli.png Graphic file (type png)
<use figures/sqli.png>
Package pdftex.def Info: figures/sqli.png  used on input line 95.
(pdftex.def)             Requested size: 275.4028pt x 93.32097pt.
 [13 <./figures/sqli.png (PNG copy)>]
<figures/sql_arh.png, id=500, 452.69125pt x 258.9675pt>
File: figures/sql_arh.png Graphic file (type png)
<use figures/sql_arh.png>
Package pdftex.def Info: figures/sql_arh.png  used on input line 118.
(pdftex.def)             Requested size: 275.4028pt x 157.54712pt.


LaTeX Warning: `h' float specifier changed to `ht'.

[14]) [15 <./figures/sql_arh.png (PNG copy)>]
\openout2 = `ch4.aux'.

 (./ch4.tex [16



]
Capitolul 4.
<figures/rev-proxy.png, id=529, 376.40625pt x 139.27031pt>
File: figures/rev-proxy.png Graphic file (type png)
<use figures/rev-proxy.png>
Package pdftex.def Info: figures/rev-proxy.png  used on input line 22.
(pdftex.def)             Requested size: 275.4028pt x 101.9066pt.

Underfull \hbox (badness 10000) in paragraph at lines 27--28

 []

[17 <./figures/rev-proxy.png>]
Overfull \hbox (0.50015pt too wide) in paragraph at lines 40--41
[]\T1/aer/m/n/12 Algoritmul de ma-chine lear-ning, su-pport vec-tor ma-chine re
-pre-zint  un mo-del ob[]inut
 []

[18]
<figures/svm-andrew.png, id=543, 937.5025pt x 386.44376pt>
File: figures/svm-andrew.png Graphic file (type png)
<use figures/svm-andrew.png>
Package pdftex.def Info: figures/svm-andrew.png  used on input line 53.
(pdftex.def)             Requested size: 367.2014pt x 151.36108pt.

Underfull \hbox (badness 10000) in paragraph at lines 59--60

 []


Underfull \hbox (badness 10000) in paragraph at lines 66--67

 []

<figures/259px-Sql_Injection_Login.png, id=547, 259.97125pt x 233.87375pt>
File: figures/259px-Sql_Injection_Login.png Graphic file (type png)
<use figures/259px-Sql_Injection_Login.png>
Package pdftex.def Info: figures/259px-Sql_Injection_Login.png  used on input l
ine 72.
(pdftex.def)             Requested size: 183.5972pt x 165.16649pt.

LaTeX Warning: `h' float specifier changed to `ht'.


Underfull \hbox (badness 10000) in paragraph at lines 77--78

 []

[19 <./figures/svm-andrew.png>] [20 <./figures/259px-Sql_Injection_Login.png>]
<figures/can-you-hide-on-Tor-Network.png, id=560, 1302.8675pt x 941.5175pt>
File: figures/can-you-hide-on-Tor-Network.png Graphic file (type png)
<use figures/can-you-hide-on-Tor-Network.png>
Package pdftex.def Info: figures/can-you-hide-on-Tor-Network.png  used on input
 line 93.
(pdftex.def)             Requested size: 275.4028pt x 199.01749pt.

Underfull \hbox (badness 10000) in paragraph at lines 98--99

 []

<figures/IPS.png, id=562, 770.88pt x 347.04657pt>
File: figures/IPS.png Graphic file (type png)
<use figures/IPS.png>
Package pdftex.def Info: figures/IPS.png  used on input line 109.
(pdftex.def)             Requested size: 275.4028pt x 123.98347pt.
[21 <./figures/can-you-hide-on-Tor-Network.png>]
Underfull \hbox (badness 10000) in paragraph at lines 114--115

 []

[22 <./figures/IPS.png>]) [23]
\openout2 = `ch5.aux'.

 (./ch5.tex [24



]
Capitolul 5.

Package hyperref Warning: Glyph not defined in PD1 encoding,
(hyperref)                removing `\u' on input line 2.


Package hyperref Warning: Glyph not defined in PD1 encoding,
(hyperref)                removing `\textcommabelow' on input line 2.

[25] [26]
<figures/basicflow.png, id=604, 323.70938pt x 552.56438pt>
File: figures/basicflow.png Graphic file (type png)
<use figures/basicflow.png>
Package pdftex.def Info: figures/basicflow.png  used on input line 45.
(pdftex.def)             Requested size: 183.5972pt x 313.39671pt.

Underfull \hbox (badness 10000) in paragraph at lines 49--50

 []

[27 <./figures/basicflow.png>] [28]
<figures/module.png, id=626, 957.5775pt x 500.87125pt>
File: figures/module.png Graphic file (type png)
<use figures/module.png>
Package pdftex.def Info: figures/module.png  used on input line 83.
(pdftex.def)             Requested size: 367.2014pt x 192.06793pt.

Underfull \hbox (badness 10000) in paragraph at lines 87--88

 []


Underfull \hbox (badness 10000) in paragraph at lines 89--90

 []


Underfull \hbox (badness 10000) in paragraph at lines 94--95

 []


Underfull \hbox (badness 10000) in paragraph at lines 99--100

 []

[29 <./figures/module.png>]
Underfull \hbox (badness 10000) in paragraph at lines 101--102

 []


Underfull \hbox (badness 10000) in paragraph at lines 104--105

 []


Underfull \hbox (badness 10000) in paragraph at lines 106--108

 []


Underfull \hbox (badness 10000) in paragraph at lines 109--110

 []


Underfull \hbox (badness 10000) in paragraph at lines 111--112

 []


Underfull \hbox (badness 10000) in paragraph at lines 113--114

 []

[30]
<figures/state_diagram.png, id=638, 788.9475pt x 753.81625pt>
File: figures/state_diagram.png Graphic file (type png)
<use figures/state_diagram.png>
Package pdftex.def Info: figures/state_diagram.png  used on input line 120.
(pdftex.def)             Requested size: 367.2014pt x 350.843pt.
 [31 <./figures/state_diagram.png>]
<figures/sequence_diagram.png, id=645, 664.73344pt x 479.54156pt>
File: figures/sequence_diagram.png Graphic file (type png)
<use figures/sequence_diagram.png>
Package pdftex.def Info: figures/sequence_diagram.png  used on input line 131.
(pdftex.def)             Requested size: 413.0972pt x 298.01515pt.

Underfull \hbox (badness 10000) in paragraph at lines 135--136

 []


Underfull \hbox (badness 10000) in paragraph at lines 137--139

 []

[32 <./figures/sequence_diagram.png>] [33]
<figures/deployment.png, id=662, 616.55344pt x 409.53pt>
File: figures/deployment.png Graphic file (type png)
<use figures/deployment.png>
Package pdftex.def Info: figures/deployment.png  used on input line 164.
(pdftex.def)             Requested size: 367.2014pt x 243.9077pt.
 [34 <./figures/deployment.png>])
[35]
\openout2 = `ch6.aux'.

 (./ch6.tex [36



]
Capitolul 6.
<figures/tor_activity_monitor.png, id=678, 596.2275pt x 278.54062pt>
File: figures/tor_activity_monitor.png Graphic file (type png)
<use figures/tor_activity_monitor.png>
Package pdftex.def Info: figures/tor_activity_monitor.png  used on input line 1
7.
(pdftex.def)             Requested size: 367.2014pt x 171.54584pt.

Underfull \hbox (badness 10000) in paragraph at lines 22--23

 []

[37 <./figures/tor_activity_monitor.png>]
Overfull \hbox (28.60852pt too wide) in paragraph at lines 24--25
[]\T1/aer/bx/n/12 run_Get_new_Tor_ips.sh \T1/aer/m/n/12 este un fi-sier de bash
 ce are ro-lul de a rula Get_new_Tor_ips.py.
 []

[38]
<figures/sqli_svm.png, id=689, 666.23906pt x 663.22781pt>
File: figures/sqli_svm.png Graphic file (type png)
<use figures/sqli_svm.png>
Package pdftex.def Info: figures/sqli_svm.png  used on input line 38.
(pdftex.def)             Requested size: 367.2014pt x 365.54555pt.

Underfull \hbox (badness 10000) in paragraph at lines 42--43

 []

[39 <./figures/sqli_svm.png>]
Overfull \hbox (0.37178pt too wide) in paragraph at lines 62--63
[]\T1/aer/bx/n/12 get_TestSet_TrainSet.py \T1/aer/m/n/12 are ro-lul de a împar[
]i da-tele pre-zente în all_URI_features
 []

[40]
<figures/source_code.png, id=700, 530.73282pt x 509.65407pt>
File: figures/source_code.png Graphic file (type png)
<use figures/source_code.png>
Package pdftex.def Info: figures/source_code.png  used on input line 76.
(pdftex.def)             Requested size: 367.2014pt x 352.62599pt.

Underfull \hbox (badness 10000) in paragraph at lines 80--81

 []

[41 <./figures/source_code.png>]
(/usr/share/texlive/texmf-dist/tex/latex/listings/lstlang1.sty
File: lstlang1.sty 2015/06/04 1.6 listings language file
)
LaTeX Font Info:    Try loading font information for T1+aett on input line 107.


(/usr/share/texlive/texmf-dist/tex/latex/ae/t1aett.fd
File: t1aett.fd 1997/11/16 Font definitions for T1/aett.
)

LaTeX Font Warning: Font shape `T1/aett/bx/n' undefined
(Font)              using `T1/aett/m/n' instead on input line 120.

[42]
Overfull \hbox (0.34644pt too wide) in paragraph at lines 136--137
[][][][][][][][][][][][][][][][][][][][][][][][][][][] 
 []


Overfull \hbox (18.63582pt too wide) in paragraph at lines 141--142
[]\T1/aer/m/n/12 Rezultatele ru-la-rii fi-si-e-ru-lui Get_new_Tor_ips.py sunt a
c-tu-a-li-zate in IPs_Tor_activity.txt.
 []

[43] [44]
Overfull \hbox (49.58403pt too wide) in paragraph at lines 190--191
[]\T1/aer/m/n/12 Convertirea URI-urilor in for-ma-tul de mai sus este re-a-li-z
ata de scrip-tul URI-file_to_features.py.
 []

[45] [46]
<figures/ui_home.png, id=794, 581.17125pt x 331.2375pt>
File: figures/ui_home.png Graphic file (type png)
<use figures/ui_home.png>
Package pdftex.def Info: figures/ui_home.png  used on input line 236.
(pdftex.def)             Requested size: 275.4028pt x 156.96542pt.

Underfull \hbox (badness 10000) in paragraph at lines 240--241

 []

<figures/ui_configure.png, id=796, 581.17125pt x 335.00156pt>
File: figures/ui_configure.png Graphic file (type png)
<use figures/ui_configure.png>
Package pdftex.def Info: figures/ui_configure.png  used on input line 244.
(pdftex.def)             Requested size: 321.2986pt x 185.2073pt.

Underfull \hbox (badness 10000) in paragraph at lines 248--249

 []

<figures/ui_monitor.png, id=798, 577.40718pt x 335.75438pt>
File: figures/ui_monitor.png Graphic file (type png)
<use figures/ui_monitor.png>
Package pdftex.def Info: figures/ui_monitor.png  used on input line 252.
(pdftex.def)             Requested size: 367.2014pt x 213.52954pt.

LaTeX Warning: `h' float specifier changed to `ht'.


Underfull \hbox (badness 10000) in paragraph at lines 256--257

 []

[47 <./figures/ui_home.png> <./figures/ui_configure.png>]
<figures/sqli_respons.png, id=804, 592.46344pt x 236.38312pt>
File: figures/sqli_respons.png Graphic file (type png)
<use figures/sqli_respons.png>
Package pdftex.def Info: figures/sqli_respons.png  used on input line 260.
(pdftex.def)             Requested size: 413.0972pt x 164.82501pt.

Underfull \hbox (badness 10000) in paragraph at lines 265--266

 []

[48 <./figures/ui_monitor.png> <./figures/sqli_respons.png>]
<figures/tor_respons.png, id=811, 743.02594pt x 317.68687pt>
File: figures/tor_respons.png Graphic file (type png)
<use figures/tor_respons.png>
Package pdftex.def Info: figures/tor_respons.png  used on input line 270.
(pdftex.def)             Requested size: 367.2014pt x 157.00098pt.

Underfull \hbox (badness 10000) in paragraph at lines 274--275

 []

) [49 <./figures/tor_respons.png>]
\openout2 = `ch7.aux'.

 (./ch7.tex [50



]
Capitolul 7.

Package hyperref Warning: Glyph not defined in PD1 encoding,
(hyperref)                removing `\textcommabelow' on input line 3.


Package hyperref Warning: Glyph not defined in PD1 encoding,
(hyperref)                removing `\textcommabelow' on input line 15.

<figures/test_case_1.png, id=821, 521.95pt x 324.21124pt>
File: figures/test_case_1.png Graphic file (type png)
<use figures/test_case_1.png>
Package pdftex.def Info: figures/test_case_1.png  used on input line 43.
(pdftex.def)             Requested size: 321.2986pt x 199.5792pt.
<figures/test_case_2.png, id=822, 647.41875pt x 336.25626pt>
File: figures/test_case_2.png Graphic file (type png)
<use figures/test_case_2.png>
Package pdftex.def Info: figures/test_case_2.png  used on input line 50.
(pdftex.def)             Requested size: 321.2986pt x 166.87578pt.
[51] [52 <./figures/test_case_1.png (PNG copy)> <./figures/test_case_2.png (PNG
 copy)>]

Package hyperref Warning: Glyph not defined in PD1 encoding,
(hyperref)                removing `\textcommabelow' on input line 58.


Package hyperref Warning: Glyph not defined in PD1 encoding,
(hyperref)                removing `\u' on input line 58.

) [53]
\openout2 = `ch8.aux'.

 (./ch8.tex [54



]
Capitolul 8.
File: figures/ui_home.png Graphic file (type png)
<use figures/ui_home.png>
Package pdftex.def Info: figures/ui_home.png  used on input line 23.
(pdftex.def)             Requested size: 275.4028pt x 156.96542pt.

Underfull \hbox (badness 10000) in paragraph at lines 28--29

 []

[55]
File: figures/ui_configure.png Graphic file (type png)
<use figures/ui_configure.png>
Package pdftex.def Info: figures/ui_configure.png  used on input line 32.
(pdftex.def)             Requested size: 321.2986pt x 185.2073pt.
 [56]
File: figures/ui_monitor.png Graphic file (type png)
<use figures/ui_monitor.png>
Package pdftex.def Info: figures/ui_monitor.png  used on input line 41.
(pdftex.def)             Requested size: 367.2014pt x 213.52954pt.
) [57]
\openout2 = `ch9.aux'.

 (./ch9.tex [58



]
Capitolul 9.
) [59] (./thesis.bbl [60


]
Underfull \hbox (badness 10000) in paragraph at lines 41--43
[]\T1/aer/m/n/12 M. Prince, `` The Tro-uble with Tor,'' []$https : / / blog . c
loud^^]are . com /
 []


Underfull \hbox (badness 10000) in paragraph at lines 54--56
[]\T1/aer/m/n/12 J. Sny-der, `` In-for-ma-tion Se-cu-rity,'' []$https : / / sea
rchsecurity . techtarget . com /
 []

(/usr/share/texlive/texmf-dist/tex/latex/ucs/data/uni-32.def
File: uni-32.def 2013/05/13 UCS: Unicode data U+2000..U+20FF
)
Underfull \hbox (badness 10000) in paragraph at lines 71--75
[]\T1/aer/m/n/12 K. Ra-jesh, ``An over-view of ips ^^U in-tru-sion pre-ven-tion
 sys-tem
 []


Underfull \hbox (badness 10000) in paragraph at lines 71--75
\T1/aer/m/n/12 and ty-pes of ne-twork thre-ats,'' []$https : / / www . exciting
ip . com / 626 /
 []


Underfull \hbox (badness 10000) in paragraph at lines 71--75
\T1/aer/m/n/12 an-[]overview-[]of-[]ips-[]intrusion-[]prevention-[]system-[]and
-[]types-[]of-[]network-[]threats/$[],
 []

[61]
Underfull \hbox (badness 7486) in paragraph at lines 150--153
[]\T1/aer/m/n/12 ``Cuvinte re-zer-vate spe-ci-fice lim-ba-ju-lui sql.'' [On-lin
e].
 []


Underfull \hbox (badness 3861) in paragraph at lines 150--153
\T1/aer/m/n/12 Avai-la-ble: []$https : / / docs . microsoft . com / en-[]us / s
ql / t-[]sql / language-[]elements /
 []

[62]) [63]
\openout2 = `apendix.aux'.

 (./apendix.tex [64


]pdfTeX warning (ext4): destination with the same identifier (name{chapter.1}) 
has been already used, duplicate ignored
<to be read again> 
                   \relax 
l.3 \chapter{Diverse anexe}
                           
Anexa A.
[65] [66

]pdfTeX warning (ext4): destination with the same identifier (name{chapter.2}) 
has been already used, duplicate ignored
<to be read again> 
                   \relax 
l.6 ...aÈii matematice detaliate (dacÄ existÄ)}
                                                  
Anexa B.

Package hyperref Warning: Glyph not defined in PD1 encoding,
(hyperref)                removing `\textcommabelow' on input line 6.


Package hyperref Warning: Glyph not defined in PD1 encoding,
(hyperref)                removing `\u' on input line 6.


Package hyperref Warning: Glyph not defined in PD1 encoding,
(hyperref)                removing `\u' on input line 6.

[67] [68

]pdfTeX warning (ext4): destination with the same identifier (name{chapter.3}) 
has been already used, duplicate ignored
<to be read again> 
                   \relax 
l.9 \chapter{Pseudo-cod sau cod (dacÄ existÄ)}
                                                
Anexa C.

Package hyperref Warning: Glyph not defined in PD1 encoding,
(hyperref)                removing `\u' on input line 9.


Package hyperref Warning: Glyph not defined in PD1 encoding,
(hyperref)                removing `\u' on input line 9.

[69] [70

]pdfTeX warning (ext4): destination with the same identifier (name{chapter.4}) 
has been already used, duplicate ignored
<to be read again> 
                   \relax 
l.55 \chapter{Articole publicate}
                                 
Anexa D.
) [71] 
AED: lastpage setting LastPage
Package atveryend Info: Empty hook `BeforeClearDocument' on input line 311.
Package atveryend Info: Empty hook `AfterLastShipout' on input line 311.
(./thesis.aux (./ch1.aux) (./ch2.aux) (./ch3.aux) (./ch4.aux) (./ch5.aux)
(./ch6.aux) (./ch7.aux) (./ch8.aux) (./ch9.aux) (./apendix.aux))
Package atveryend Info: Executing hook `AtVeryEndDocument' on input line 311.
Package atveryend Info: Executing hook `AtEndAfterFileList' on input line 311.
Package rerunfilecheck Info: File `thesis.out' has not changed.
(rerunfilecheck)             Checksum: EE466D252C49DCF426766EEDA6B5C28A;3405.


LaTeX Font Warning: Some font shapes were not available, defaults substituted.


LaTeX Warning: There were multiply-defined labels.

Package atveryend Info: Empty hook `AtVeryVeryEnd' on input line 311.
 ) 
Here is how much of TeX's memory you used:
 21203 strings out of 492982
 337061 string characters out of 6134895
 472290 words of memory out of 5000000
 23916 multiletter control sequences out of 15000+600000
 60885 words of font info for 148 fonts, out of 8000000 for 9000
 1141 hyphenation exceptions out of 8191
 55i,18n,51p,1443b,1846s stack positions out of 5000i,500n,10000p,200000b,80000s
</usr/share/texlive/texmf-dist/fonts/type1/public/amsfonts/cm/cmbx10.pfb></us
r/share/texlive/texmf-dist/fonts/type1/public/amsfonts/cm/cmbx12.pfb></usr/shar
e/texlive/texmf-dist/fonts/type1/public/amsfonts/cm/cmbx6.pfb></usr/share/texli
ve/texmf-dist/fonts/type1/public/amsfonts/cm/cmbx7.pfb></usr/share/texlive/texm
f-dist/fonts/type1/public/amsfonts/cm/cmcsc10.pfb></usr/share/texlive/texmf-dis
t/fonts/type1/public/amsfonts/cm/cmr12.pfb></usr/share/texlive/texmf-dist/fonts
/type1/public/amsfonts/cm/cmr6.pfb></usr/share/texlive/texmf-dist/fonts/type1/p
ublic/amsfonts/cm/cmsy10.pfb></usr/share/texlive/texmf-dist/fonts/type1/public/
amsfonts/cm/cmti12.pfb></usr/share/texlive/texmf-dist/fonts/type1/public/amsfon
ts/cm/cmti7.pfb></usr/share/texlive/texmf-dist/fonts/type1/public/amsfonts/cm/c
mtt12.pfb>
Output written on thesis.pdf (84 pages, 1351216 bytes).
PDF statistics:
 1072 PDF objects out of 1200 (max. 8388607)
 928 compressed objects within 10 object streams
 293 named destinations out of 1000 (max. 500000)
 556 words of extra memory for PDF output out of 10000 (max. 10000000)

